[debug] [2026-06-02T23:21:44.217Z] ----------------------------------------------------------------------
[debug] [2026-06-02T23:21:44.219Z] Command:       /usr/local/bin/node /Users/tomsj/.npm-global/bin/firebase deploy --only hosting --force
[debug] [2026-06-02T23:21:44.219Z] CLI Version:   15.4.0
[debug] [2026-06-02T23:21:44.219Z] Platform:      darwin
[debug] [2026-06-02T23:21:44.219Z] Node Version:  v24.13.0
[debug] [2026-06-02T23:21:44.220Z] Time:          Tue Jun 02 2026 18:21:44 GMT-0500 (Central Daylight Time)
[debug] [2026-06-02T23:21:44.220Z] ----------------------------------------------------------------------
[debug] 
[debug] [2026-06-02T23:21:44.971Z] Object "/hosting/frameworksBackend" in "firebase.json" has unknown property: {"additionalProperty":"environmentVariables"}
[debug] [2026-06-02T23:21:44.971Z] Field "/hosting" in "firebase.json" is possibly invalid: must be array
[debug] [2026-06-02T23:21:44.971Z] Field "/hosting" in "firebase.json" is possibly invalid: must match a schema in anyOf
[debug] [2026-06-02T23:21:44.973Z] > command requires scopes: ["email","openid","https://www.googleapis.com/auth/cloudplatformprojects.readonly","https://www.googleapis.com/auth/firebase","https://www.googleapis.com/auth/cloud-platform"]
[debug] [2026-06-02T23:21:44.973Z] > authorizing via signed-in user (joey.toms@gmail.com)
[debug] [2026-06-02T23:21:44.973Z] [iam] checking project stlyardgames for permissions ["firebase.projects.get","firebasehosting.sites.update"]
[debug] [2026-06-02T23:21:44.974Z] Checked if tokens are valid: true, expires at: 1780444954848
[debug] [2026-06-02T23:21:44.974Z] Checked if tokens are valid: true, expires at: 1780444954848
[debug] [2026-06-02T23:21:44.974Z] >>> [apiv2][query] POST https://cloudresourcemanager.googleapis.com/v1/projects/stlyardgames:testIamPermissions [none]
[debug] [2026-06-02T23:21:44.974Z] >>> [apiv2][(partial)header] POST https://cloudresourcemanager.googleapis.com/v1/projects/stlyardgames:testIamPermissions x-goog-quota-user=projects/stlyardgames
[debug] [2026-06-02T23:21:44.974Z] >>> [apiv2][body] POST https://cloudresourcemanager.googleapis.com/v1/projects/stlyardgames:testIamPermissions {"permissions":["firebase.projects.get","firebasehosting.sites.update"]}
[debug] [2026-06-02T23:21:45.282Z] <<< [apiv2][status] POST https://cloudresourcemanager.googleapis.com/v1/projects/stlyardgames:testIamPermissions 200
[debug] [2026-06-02T23:21:45.282Z] <<< [apiv2][body] POST https://cloudresourcemanager.googleapis.com/v1/projects/stlyardgames:testIamPermissions {"permissions":["firebase.projects.get","firebasehosting.sites.update"]}
[debug] [2026-06-02T23:21:45.282Z] Checked if tokens are valid: true, expires at: 1780444954848
[debug] [2026-06-02T23:21:45.282Z] Checked if tokens are valid: true, expires at: 1780444954848
[debug] [2026-06-02T23:21:45.282Z] >>> [apiv2][query] GET https://firebase.googleapis.com/v1beta1/projects/stlyardgames [none]
[debug] [2026-06-02T23:21:45.595Z] <<< [apiv2][status] GET https://firebase.googleapis.com/v1beta1/projects/stlyardgames 200
[debug] [2026-06-02T23:21:45.595Z] <<< [apiv2][body] GET https://firebase.googleapis.com/v1beta1/projects/stlyardgames {"projectId":"stlyardgames","projectNumber":"566400795820","displayName":"stlyardgames","name":"projects/stlyardgames","resources":{"hostingSite":"stlyardgames"},"state":"ACTIVE","etag":"1_47599ea0-c6f8-4459-b8d9-f6c995892893"}
[debug] [2026-06-02T23:21:46.339Z] defaultcredentials: writing to file /Users/tomsj/.config/firebase/joey_toms_gmail.com_application_default_credentials.json
[debug] [2026-06-02T23:21:46.340Z] Checked if tokens are valid: true, expires at: 1780444954848
[debug] [2026-06-02T23:21:46.340Z] Checked if tokens are valid: true, expires at: 1780444954848
[debug] [2026-06-02T23:21:46.340Z] >>> [apiv2][query] GET https://firebasehosting.googleapis.com/v1beta1/projects/stlyardgames/sites pageToken=&pageSize=10
[debug] [2026-06-02T23:21:47.031Z] <<< [apiv2][status] GET https://firebasehosting.googleapis.com/v1beta1/projects/stlyardgames/sites 200
[debug] [2026-06-02T23:21:47.031Z] <<< [apiv2][body] GET https://firebasehosting.googleapis.com/v1beta1/projects/stlyardgames/sites {"sites":[{"name":"projects/stlyardgames/sites/stlyardgames","defaultUrl":"https://stlyardgames.web.app","appId":"1:566400795820:web:e964bbe3d04e9d3970cb09","type":"DEFAULT_SITE"}]}
[debug] [2026-06-02T23:21:47.031Z] Checked if tokens are valid: true, expires at: 1780444954848
[debug] [2026-06-02T23:21:47.031Z] Checked if tokens are valid: true, expires at: 1780444954848
[debug] [2026-06-02T23:21:47.031Z] >>> [apiv2][query] GET https://firebase.googleapis.com/v1beta1/projects/-/webApps/1:566400795820:web:e964bbe3d04e9d3970cb09/config [none]
[debug] [2026-06-02T23:21:47.240Z] <<< [apiv2][status] GET https://firebase.googleapis.com/v1beta1/projects/-/webApps/1:566400795820:web:e964bbe3d04e9d3970cb09/config 200
[debug] [2026-06-02T23:21:47.240Z] <<< [apiv2][body] GET https://firebase.googleapis.com/v1beta1/projects/-/webApps/1:566400795820:web:e964bbe3d04e9d3970cb09/config {"projectId":"stlyardgames","appId":"1:566400795820:web:e964bbe3d04e9d3970cb09","storageBucket":"stlyardgames.firebasestorage.app","apiKey":"AIzaSyCv7Afj1itcSIyyUbezFSY7tYN2SYZ3mPc","authDomain":"stlyardgames.firebaseapp.com","messagingSenderId":"566400795820","measurementId":"G-FC2MGRJYJM","projectNumber":"566400795820","version":"2"}
[info] 
   Thank you for trying our early preview of Next.js support on Firebase Hosting.
   During the preview, support is best-effort and breaking changes can be expected. Proceed with caution.
   The integration is known to work with Next.js version 12 - 15.0. You may encounter errors.

   Documentation: https://firebase.google.com/docs/hosting/frameworks/nextjs
   File a bug: https://github.com/firebase/firebase-tools/issues/new?template=bug_report.md
   Submit a feature request: https://github.com/firebase/firebase-tools/issues/new?template=feature_request.md

   We'd love to learn from you. Express your interest in helping us shape the future of Firebase Hosting: https://goo.gle/41enW5X

[debug] [2026-06-02T23:21:49.041Z] Checked if tokens are valid: true, expires at: 1780444954848
[debug] [2026-06-02T23:21:49.041Z] Checked if tokens are valid: true, expires at: 1780444954848
[debug] [2026-06-02T23:21:49.041Z] >>> [apiv2][query] GET https://firebasehosting.googleapis.com/v1beta1/projects/stlyardgames/sites/stlyardgames [none]
[debug] [2026-06-02T23:21:49.435Z] <<< [apiv2][status] GET https://firebasehosting.googleapis.com/v1beta1/projects/stlyardgames/sites/stlyardgames 200
[debug] [2026-06-02T23:21:49.435Z] <<< [apiv2][body] GET https://firebasehosting.googleapis.com/v1beta1/projects/stlyardgames/sites/stlyardgames {"name":"projects/stlyardgames/sites/stlyardgames","defaultUrl":"https://stlyardgames.web.app","appId":"1:566400795820:web:e964bbe3d04e9d3970cb09","type":"DEFAULT_SITE"}
[info]    ▲ Next.js 15.3.6

[info]    - Environments: .env.local


[info]    Creating an optimized production build ...

[info]  ✓ Compiled successfully in 0ms

[info]    Linting and checking validity of types ...

[info]  ⨯ ESLint: Cannot find module '/Users/tomsj/stlyg/stlyardgames/node_modules/eslint-config-next/core-web-vitals' imported from /Users/tomsj/stlyg/stlyardgames/eslint.config.mjs Did you mean to import "eslint-config-next/core-web-vitals.js"?

[info] Failed to compile.


[info] ./src/app/api/qbo/invoices/route.ts:52:56
Type error: Cannot find name 'resData'.

  50 |
  51 |     // Send invoice email from QBO
> 52 |     await sendInvoice(invoice.Id, reservation.email || resData?.email);
     |                                                        ^
  53 |
  54 |     // Store invoice reference on reservation
  55 |     await adminDb.collection("reservations").doc(reservationId).update({

[info] Next.js build worker exited with code: 1 and signal: null

[debug] [2026-06-02T23:21:54.160Z] Error: ENOENT: no such file or directory, open '/Users/tomsj/stlyg/stlyardgames/.next/export-marker.json'
[error] 
[error] Error: An unexpected error has occurred.
